DecoyAgentApp/app/build/intermediates/manifest_merge_blame_file/debug/manifest-merger-blame-debug-report.txt
1<?xml version="1.0" encoding="utf-8"?>
2<manifest xmlns:android="http://schemas.android.com/apk/res/android"
3    package="com.decoy.shopping.agent"
4    android:versionCode="1"
5    android:versionName="1.0" >
6
7    <uses-sdk
8        android:minSdkVersion="26"
9        android:targetSdkVersion="33" />
10
11    <uses-permission android:name="android.permission.INTERNET" />
11-->src/main/AndroidManifest.xml:4:5-67
11-->src/main/AndroidManifest.xml:4:22-64
12    <uses-permission android:name="android.permission.READ_EXTERNAL_STORAGE" />
12-->src/main/AndroidManifest.xml:5:5-80
12-->src/main/AndroidManifest.xml:5:22-77
13    <uses-permission android:name="android.permission.WRITE_EXTERNAL_STORAGE" />
13-->src/main/AndroidManifest.xml:6:5-81
13-->src/main/AndroidManifest.xml:6:22-78
14
15    <queries>
15-->src/main/AndroidManifest.xml:8:5-10:15
16        <package android:name="com.sentinel.agent" />
16-->src/main/AndroidManifest.xml:9:9-54
16-->src/main/AndroidManifest.xml:9:18-51
17    </queries>
18
19    <permission
19-->[androidx.core:core:1.10.1] AndroidManifest.xml:22:5-24:47
20        android:name="com.decoy.shopping.agent.DYNAMIC_RECEIVER_NOT_EXPORTED_PERMISSION"
20-->[androidx.core:core:1.10.1] AndroidManifest.xml:23:9-81
21        android:protectionLevel="signature" />
21-->[androidx.core:core:1.10.1] AndroidManifest.xml:24:9-44
22
23    <uses-permission android:name="com.decoy.shopping.agent.DYNAMIC_RECEIVER_NOT_EXPORTED_PERMISSION" />
23-->[androidx.core:core:1.10.1] AndroidManifest.xml:26:5-97
23-->[androidx.core:core:1.10.1] AndroidManifest.xml:26:22-94
24
25    <application
25-->src/main/AndroidManifest.xml:12:5-47:19
26        android:allowBackup="true"
26-->src/main/AndroidManifest.xml:13:9-35
27        android:appComponentFactory="androidx.core.app.CoreComponentFactory"
27-->[androidx.core:core:1.10.1] AndroidManifest.xml:28:18-86
28        android:debuggable="true"
29        android:extractNativeLibs="false"
30        android:icon="@drawable/ic_launcher_decoy"
30-->src/main/AndroidManifest.xml:14:9-51
31        android:label="Velocity Retail &amp; AI"
31-->src/main/AndroidManifest.xml:15:9-49
32        android:roundIcon="@drawable/ic_launcher_decoy"
32-->src/main/AndroidManifest.xml:16:9-56
33        android:supportsRtl="true"
33-->src/main/AndroidManifest.xml:17:9-35
34        android:theme="@style/Theme.AppCompat.NoActionBar"
34-->src/main/AndroidManifest.xml:18:9-59
35        android:usesCleartextTraffic="true" >
35-->src/main/AndroidManifest.xml:19:9-44
36
37        <!-- Login: The new launcher for the insecure flow -->
38        <activity
38-->src/main/AndroidManifest.xml:22:9-29:20
39            android:name="com.decoy.shopping.agent.ui.LoginActivity"
39-->src/main/AndroidManifest.xml:23:13-45
40            android:exported="true" >
40-->src/main/AndroidManifest.xml:24:13-36
41            <intent-filter>
41-->src/main/AndroidManifest.xml:25:13-28:29
42                <action android:name="android.intent.action.MAIN" />
42-->src/main/AndroidManifest.xml:26:17-69
42-->src/main/AndroidManifest.xml:26:25-66
43
44                <category android:name="android.intent.category.LAUNCHER" />
44-->src/main/AndroidManifest.xml:27:17-77
44-->src/main/AndroidManifest.xml:27:27-74
45            </intent-filter>
46        </activity>
47        <activity android:name="com.decoy.shopping.agent.ui.RegisterActivity" />
47-->src/main/AndroidManifest.xml:31:9-57
47-->src/main/AndroidManifest.xml:31:19-54
48        <activity android:name="com.decoy.shopping.agent.MainActivity" />
48-->src/main/AndroidManifest.xml:32:9-50
48-->src/main/AndroidManifest.xml:32:19-47
49        <activity android:name="com.decoy.shopping.agent.ui.AgentActivity" />
49-->src/main/AndroidManifest.xml:33:9-54
49-->src/main/AndroidManifest.xml:33:19-51
50
51        <!-- Shell Activities for full e-commerce look -->
52        <activity android:name="com.decoy.shopping.agent.ui.ProductActivity" />
52-->src/main/AndroidManifest.xml:36:9-56
52-->src/main/AndroidManifest.xml:36:19-53
53        <activity android:name="com.decoy.shopping.agent.ui.CartActivity" />
53-->src/main/AndroidManifest.xml:37:9-53
53-->src/main/AndroidManifest.xml:37:19-50
54        <activity android:name="com.decoy.shopping.agent.ui.WishlistActivity" />
54-->src/main/AndroidManifest.xml:38:9-57
54-->src/main/AndroidManifest.xml:38:19-54
55        <activity android:name="com.decoy.shopping.agent.ui.OrdersActivity" />
55-->src/main/AndroidManifest.xml:39:9-55
55-->src/main/AndroidManifest.xml:39:19-52
56        <activity android:name="com.decoy.shopping.agent.ui.CategoriesActivity" />
56-->src/main/AndroidManifest.xml:40:9-59
56-->src/main/AndroidManifest.xml:40:19-56
57        <activity android:name="com.decoy.shopping.agent.ui.PaymentGatewayActivity" />
57-->src/main/AndroidManifest.xml:41:9-63
57-->src/main/AndroidManifest.xml:41:19-60
58
59        <service
59-->src/main/AndroidManifest.xml:42:9-45:40
60            android:name="com.decoy.shopping.agent.service.AgentService"
60-->src/main/AndroidManifest.xml:43:13-49
61            android:enabled="true"
61-->src/main/AndroidManifest.xml:44:13-35
62            android:exported="false" />
62-->src/main/AndroidManifest.xml:45:13-37
63
64        <provider
64-->[androidx.emoji2:emoji2:1.2.0] AndroidManifest.xml:24:9-32:20
65            android:name="androidx.startup.InitializationProvider"
65-->[androidx.emoji2:emoji2:1.2.0] AndroidManifest.xml:25:13-67
66            android:authorities="com.decoy.shopping.agent.androidx-startup"
66-->[androidx.emoji2:emoji2:1.2.0] AndroidManifest.xml:26:13-68
67            android:exported="false" >
67-->[androidx.emoji2:emoji2:1.2.0] AndroidManifest.xml:27:13-37
68            <meta-data
68-->[androidx.emoji2:emoji2:1.2.0] AndroidManifest.xml:29:13-31:52
69                android:name="androidx.emoji2.text.EmojiCompatInitializer"
69-->[androidx.emoji2:emoji2:1.2.0] AndroidManifest.xml:30:17-75
70                android:value="androidx.startup" />
70-->[androidx.emoji2:emoji2:1.2.0] AndroidManifest.xml:31:17-49
71            <meta-data
71-->[androidx.lifecycle:lifecycle-process:2.4.1] AndroidManifest.xml:31:13-33:52
72                android:name="androidx.lifecycle.ProcessLifecycleInitializer"
72-->[androidx.lifecycle:lifecycle-process:2.4.1] AndroidManifest.xml:32:17-78
73                android:value="androidx.startup" />
73-->[androidx.lifecycle:lifecycle-process:2.4.1] AndroidManifest.xml:33:17-49
74        </provider>
75    </application>
76
77</manifest>